         w __deregister_frame_info
         w __register_frame_info
         w userAppExit
         w userAppInit
00000000 00000802 B __ctru_dev_utf16_buf
00000000 A __sync_synchronize
00000000 b _TLS_MODULE_BASE_
00000000 a shift
00000000 a shift
00000804 00000401 B __ctru_dev_path_buf
00100000 A __start__
00100000 T _start
00100008 T __service_ptr
0010000c T __apt_appid
00100010 T __heap_size
00100014 T __linear_heap_size
00100018 T __system_arglist
0010001c T __system_runflags
00100020 t startup
00100058 t ClearMem
0010006c t ClrLoop
00100094 T _init
001000ac t .udivsi3_skip_div0_test
001000ac T __aeabi_uidiv
001000ac 000001ec T __udivsi3
00100298 00000020 T __aeabi_uidivmod
001002b8 T __aeabi_idiv
001002b8 00000220 T __divsi3
001002c0 t .divsi3_skip_div0_test
001004d8 00000020 T __aeabi_idivmod
001004f8 00000004 W __aeabi_idiv0
001004f8 00000004 W __aeabi_ldiv0
001004fc T __aeabi_drsub
00100504 000002b0 T __aeabi_dsub
00100504 000002b0 T __subdf3
00100508 000002ac T __adddf3
00100508 000002ac T __aeabi_dadd
001007b4 00000024 T __aeabi_ui2d
001007b4 00000024 T __floatunsidf
001007d8 00000028 T __aeabi_i2d
001007d8 00000028 T __floatsidf
00100800 00000048 T __aeabi_f2d
00100800 00000048 T __extendsfdf2
00100848 00000074 T __aeabi_ul2d
00100848 00000074 T __floatundidf
0010085c 00000060 T __aeabi_l2d
0010085c 00000060 T __floatdidf
001008bc 0000019c T __aeabi_frsub
001008c4 00000194 T __aeabi_fsub
001008c4 00000194 T __subsf3
001008c8 00000190 T __addsf3
001008c8 00000190 T __aeabi_fadd
00100a58 00000028 T __aeabi_ui2f
00100a58 00000028 T __floatunsisf
00100a60 00000020 T __aeabi_i2f
00100a60 00000020 T __floatsisf
00100a80 0000008c T __aeabi_ul2f
00100a80 0000008c T __floatundisf
00100a90 0000007c T __aeabi_l2f
00100a90 0000007c T __floatdisf
00100b0c T __aeabi_ldivmod
00100be0 T __aeabi_uldivmod
00100c28 00000390 T strcmp
00100fb0 t __do_global_dtors_aux
00100ff0 t frame_dummy
0010101c 00001294 t _fnlGenNoiseSingle2D
001022b0 00002828 t _fnlGenNoiseSingle3D
00104ad8 0000007c T fnlCreateState
00104b54 00000324 T fnlGetNoise2D
00104e78 000003c4 T fnlGetNoise3D
0010523c 00000084 T ChunkInit
001052c0 0000000c T ChunkInitDefault
001052cc 000000dc T ChunkSetBlock
001053a8 00000020 T ChunkGetBlock
001053c8 00000278 T ChunkGenerateTerrain
00105640 00000a50 T ChunkGenerateRenderObject
00106090 00000144 T ChunkRender
001061d4 00000064 T ChunkFreeRenderObject
00106238 00000058 T ChunkDestroy
00106290 00000928 T main
00106bb8 0000004c T encodeNormalComponent
00106c04 00000050 T compressNormals
00106c58 00000138 T addCubeFaceToMesh
00106d90 00000120 T rrenderInit
00106eb0 00000030 T grenderPrepare
00106ee0 00000224 T rloadShaderInInstance
00107104 00000024 T gloadShader
00107128 0000001c T rfreeShaderProgramInInstance
00107144 00000020 T gfreeShaderProgram
00107164 0000004c T gsetModelViewMatrx
001071b0 00000030 T gsetCameraViewMatrx
001071e0 00000248 T rrenderOptimizedInstance
00107428 0000003c T grenderOptimizedInstance
00107464 00000044 t C2Di_FrameEndHook
001074a8 0000036c T C2D_Init
00107814 0000004c T C2D_Fini
00107860 000000b8 T C2D_Prepare
00107918 00000048 T C2D_Flush
00107960 00000104 T C2D_SceneSize
00107a64 00000058 T C2Di_AppendQuad
00107abc 00000040 T C2Di_AppendVtx
00107afc 00000550 T C2Di_Update
0010804c 00000018 t C2Di_GlyphComp
00108064 00000140 t C2Di_CalcLineWidths
001081a4 000001dc T C2D_TextBufNew
00108380 00000004 T C2D_TextBufDelete
00108384 0000000c T C2D_TextBufClear
00108390 000001c8 T C2D_TextFontParseLine
00108558 000000a8 T C2D_TextFontParse
00108600 00000014 T C2D_TextParse
00108614 00000030 T C2D_TextOptimize
00108644 00000f6c T C2D_DrawText
001095b0 00000044 T C2D_FontGlyphIndexFromCodePoint
001095f4 00000078 T C2D_FontCalcGlyphPos
0010966c 00000028 T AttrInfo_Init
00109694 00000094 T AttrInfo_AddLoader
00109728 00000020 T C3D_GetAttrInfo
00109748 00000054 T C3D_SetAttrInfo
0010979c 00000080 T C3Di_AttrInfoBind
0010981c 00000004 W C3Di_LightEnvUpdate
00109820 00000004 W C3Di_LightEnvDirty
00109824 000000b4 t C3Di_AptEventHook
001098d8 00000004 W C3Di_GasUpdate
001098dc 000001d0 T C3D_Init
00109aac 00000098 T C3D_SetViewport
00109b44 000004e8 T C3Di_UpdateContext
0010a02c 000000e0 T C3Di_SplitFrame
0010a10c 00000044 T C3D_Fini
0010a150 00000194 T C3D_BindProgram
0010a2e4 00000024 T BufInfo_Init
0010a308 00000080 T BufInfo_Add
0010a388 00000020 T C3D_GetBufInfo
0010a3a8 0000003c T C3D_SetBufInfo
0010a3e4 00000048 T C3Di_BufInfoBind
0010a42c 0000021c T C3D_DrawElements
0010a648 00000040 T C3D_DepthMap
0010a688 0000001c T C3D_CullFace
0010a6a4 00000040 T C3D_StencilTest
0010a6e4 00000024 T C3D_StencilOp
0010a708 0000001c T C3D_BlendingColor
0010a724 00000024 T C3D_EarlyDepthTest
0010a748 0000002c T C3D_DepthTest
0010a774 0000002c T C3D_AlphaTest
0010a7a0 00000050 T C3D_AlphaBlend
0010a7f0 00000030 T C3D_FragOpMode
0010a820 00000044 T C3D_FragOpShadow
0010a864 000001ac T C3Di_EffectBind
0010aa10 0000001c T C3D_CalcColorBufSize
0010aa2c 0000001c T C3D_CalcDepthBufSize
0010aa48 00000044 T C3D_SetFrameBuf
0010aa8c 0000016c T C3Di_FrameBufBind
0010abf8 000000c8 T C3D_FrameBufClear
0010acc0 00000044 T C3D_FrameBufTransfer
0010ad04 000000a8 T C3D_ImmSendAttrib
0010adac 00000070 T C3D_ProcTexInit
0010ae1c 00000054 T C3D_ProcTexBind
0010ae70 0000005c T C3D_ProcTexLutBind
0010aecc 000000a4 T ProcTexLut_FromArray
0010af70 00000178 T C3Di_ProcTexUpdate
0010b0e8 00000068 T C3Di_ProcTexDirty
0010b150 0000004c t onVBlank0
0010b19c 0000004c t onVBlank1
0010b1e8 00000080 t C3Di_RenderTargetDestroy
0010b268 000000f4 t onQueueFinish
0010b35c 00000038 T C3Di_RenderQueueEnableVBlank
0010b394 00000030 T C3Di_RenderQueueDisableVBlank
0010b3c4 00000060 T C3Di_RenderQueueInit
0010b424 000000b4 T C3Di_RenderQueueExit
0010b4d8 00000034 T C3Di_RenderQueueWaitDone
0010b50c 000000e8 T C3D_FrameBegin
0010b5f4 00000048 T C3D_FrameDrawOn
0010b63c 000001d0 T C3D_FrameEnd
0010b80c 0000001c T C3D_FrameEndHook
0010b828 00000170 T C3D_RenderTargetCreate
0010b998 000000a8 T C3D_RenderTargetSetOutput
0010ba40 000000fc T C3D_SyncTextureCopy
0010bb3c 000003d8 t Tex3DSi_ImportCommon
0010bf14 00000038 T Tex3DS_TextureImportStdio
0010bf4c 00000034 T C3D_GetTexEnv
0010bf80 00000024 T C3Di_TexEnvBind
0010bfa4 00000290 T C3D_TexInitWithParams
0010c234 000000c8 T C3D_TexLoadImage
0010c2fc 00000044 T C3D_TexBind
0010c340 00000074 T C3D_TexDelete
0010c3b4 0000014c T C3Di_SetTex
0010c500 00000290 T C3D_UpdateUniforms
0010c790 000000c0 T C3Di_DirtyUniforms
0010c850 000000d8 T C3Di_LoadShaderUniforms
0010c928 00000028 T C3Di_ClearShaderUniforms
0010c950 0000012c T Mtx_LookAt
0010ca7c 000000b8 T Mtx_Multiply
0010cb34 000000cc T Mtx_Ortho
0010cc00 000000cc T Mtx_OrthoTilt
0010cccc 00000094 T Mtx_PerspTilt
0010cd60 000000a0 T Mtx_RotateY
0010ce00 000000a4 T Mtx_Translate
0010cea4 00000024 t addrMapNodeComparator(rbtree_node const*, rbtree_node const*)
0010cec8 00000004 t addrMapNodeDestructor(rbtree_node*)
0010cecc 00000120 T linearMemAlign
0010cfec 00000008 T linearAlloc
0010cff4 0000005c T linearFree
0010d050 00000084 T MemPool::CoalesceRight(MemBlock*)
0010d0d4 00000150 T MemPool::Allocate(MemChunk&, unsigned long, int)
0010d224 000000fc T MemPool::Deallocate(MemChunk const&)
0010d320 00000030 T MemPool::GetFreeSpace()
0010d350 00000024 t addrMapNodeComparator(rbtree_node const*, rbtree_node const*)
0010d374 00000004 t addrMapNodeDestructor(rbtree_node*)
0010d378 00000244 T vramMemAlignAt
0010d5bc 0000000c T vramAlloc
0010d5c8 0000000c T vramAllocAt
0010d5d4 00000090 T vramFree
0010d664 0000045c t consoleHandleColorEsc
0010dac0 000000b8 t consoleColorStateShift
0010db78 000001ac T consoleDrawChar
0010dd24 0000011c T consolePrintChar
0010de40 000005ec T con_write
0010e42c 00000124 t newRow
0010e550 0000018c T consoleInit
0010e6dc 00000094 T fontEnsureMapped
0010e770 00000100 T fontGlyphIndexFromCodePoint
0010e870 000001ec T fontCalcGlyphPos
0010ea5c 000000d0 t gfxPresentFramebuffer
0010eb2c 0000001c T gfxIsWide
0010eb48 000000ec T gfxSetScreenFormat
0010ec34 00000010 T gfxSetDoubleBuffering
0010ec44 000000d8 T gfxInit
0010ed1c 00000010 T gfxInitDefault
0010ed2c 000000b4 T gfxExit
0010ede0 000000a0 T gfxGetFramebuffer
0010ee80 00000100 T gfxFlushBuffers
0010ef80 00000030 T gfxScreenSwapBuffers
0010efb0 00000050 T gfxSwapBuffersGpu
0010f000 00000074 T osConvertVirtToPhys
0010f074 00000054 T osGetTimeRef
0010f0c8 000000ec T osGetTime
0010f1b4 00000034 T __ctru_speedup_config
0010f1e8 00000008 t romfs_close
0010f1f0 000000c4 t romfs_seek
0010f2b4 00000024 t romfs_dirreset
0010f2d8 000000c8 t fill_dir
0010f3a0 000002a8 t romfs_dirnext
0010f648 00000074 t romfs_free
0010f6bc 000000d4 t searchForFile.constprop.0
0010f790 000000d8 t searchForDir.constprop.0
0010f868 000001c0 t navigateToDir.constprop.0
0010fa28 0000010c t romfs_open
0010fb34 0000004c t romfs_chdir
0010fb80 00000070 t romfs_diropen
0010fbf0 00000174 t romfs_stat
0010fd64 00000008 t romfs_dirclose
0010fd70 00000084 t romfs_fstat
0010fdf4 000000d0 t romfs_read
0010fec4 0000028c T romfsMountFromFile
00110150 00000098 T romfsMountFromCurrentProcess
001101e8 00000260 T romfsMountSelf
00110448 000000a4 T romfsUnmount
001104ec 0000013c T GPUCMD_Add
00110628 000000b0 T GPUCMD_Split
001106d8 00000034 T f32tof16
0011070c 00000034 T f32tof24
00110740 00000038 T f32tof31
00110778 00000010 T GX_BindQueue
00110788 00000078 T GX_ProcessCommandList
00110800 00000074 T GX_MemoryFill
00110874 00000070 T GX_DisplayTransfer
001108e4 00000074 T GX_TextureCopy
00110958 00000068 t gxCmdQueueDoCommands.part.0
001109c0 000000c8 T gxCmdQueueInterrupt
00110a88 0000004c T gxCmdQueueClear
00110ad4 000000f8 T gxCmdQueueAdd
00110bcc 00000080 T gxCmdQueueRun
00110c4c 00000060 T gxCmdQueueStop
00110cac 0000008c T gxCmdQueueWait
00110d38 000001d0 T shaderInstanceInit
00110f08 00000018 T shaderInstanceGetUniformLocation
00110f20 0000001c T shaderProgramInit
00110f3c 00000064 T shaderProgramFree
00110fa0 00000080 T shaderProgramSetVsh
00111020 000008d0 T shaderProgramConfigure
001118f0 000001dc t DVLE_GenerateOutmap.part.0
00111acc 000001b0 T DVLB_ParseFile
00111c7c 00000038 T DVLB_Free
00111cb4 00000074 T DVLE_GetUniformRegister
00111d28 000001b0 t aptConvertScreenForCapture
00111ed8 00000008 W aptDspSleep
00111ee0 00000004 W aptDspWakeup
00111ee4 00000004 W aptDspCancel
00111ee8 00000158 T aptSendCommand
00112040 00000044 t aptExitProcess
00112084 00000380 T aptExit
00112404 000000d8 T aptHandleSleep
001124dc 00000030 T aptHook
0011250c 00000030 T aptUnhook
0011253c 00000084 T APT_SleepIfShellClosed
001125c0 00000078 T aptSetSleepAllowed
00112638 00000084 T APT_UnlockTransition
001126c0 00000478 t aptEventHandler
00112b38 000000b0 T APT_ReceiveParameter
00112be8 000000ac t aptReceiveParameter.constprop.0
00112c98 00000294 t aptScreenTransfer
00112f2c 000002c8 t aptWaitForWakeUp.isra.0
001131f4 000000f4 T aptJumpToHomeMenu
001132e8 00000048 T aptMainLoop
00113330 0000022c T aptInit
0011355c 0000007c T APT_CheckNew3DS
001135d8 00000048 T APT_GetSharedFont
00113620 000000a4 T cfguInit
001136c4 000000d0 T fsInit
00113794 0000003c T fsExit
001137d0 00000060 T fsExemptFromSession
00113830 00000050 T fsUnexemptFromSession
00113880 000000cc T FSUSER_OpenFile
0011394c 000000d4 T FSUSER_OpenFileDirectly
00113a20 000000bc T FSUSER_DeleteFile
00113adc 000000f8 T FSUSER_RenameFile
00113bd4 000000bc T FSUSER_DeleteDirectory
00113c90 000000d4 T FSUSER_CreateFile
00113d64 000000c4 T FSUSER_CreateDirectory
00113e28 000000f8 T FSUSER_RenameDirectory
00113f20 000000b4 T FSUSER_OpenDirectory
00113fd4 00000094 T FSUSER_OpenArchive
00114068 0000008c T FSUSER_CloseArchive
001140f4 00000074 T FSUSER_GetSdmcArchiveResource
00114168 00000064 T FSUSER_IsSdmcWritable
001141cc 00000058 T FSFILE_Read
00114224 00000060 T FSFILE_Write
00114284 00000038 T FSFILE_GetSize
001142bc 00000028 T FSFILE_SetSize
001142e4 0000003c T FSFILE_Close
00114320 00000024 T FSFILE_Flush
00114344 00000050 T FSDIR_Read
00114394 0000003c T FSDIR_Close
001143d0 00000c70 t gspHardwareInit
00115040 00000248 T gspInit
00115288 000000e4 T gspExit
0011536c 00000010 T gspHasGpuRight
0011537c 000000a0 T gspPresentBuffer
0011541c 00000030 T gspSetEventCallback
0011544c 00000044 T gspWaitForEvent
00115490 0000004c T gspWaitForAnyEvent
001154dc 00000160 t gspEventThreadMain
0011563c 00000130 T gspSubmitGxCommand
0011576c 00000050 T GSPGPU_FlushDataCache
001157bc 00000034 T GSPGPU_SetLcdForceBlack
001157f0 00000068 T GSPGPU_AcquireRight
00115858 00000048 T GSPGPU_ReleaseRight
001158a0 0000007c T GSPGPU_ImportDisplayCaptureInfo
0011591c 0000002c T GSPGPU_SaveVramSysArea
00115948 0000002c T GSPGPU_RestoreVramSysArea
00115974 00000024 W hidShouldUseIrrst
00115998 0000018c T hidInit
00115b24 000000e8 T hidExit
00115c0c 000002a4 T hidScanInput
00115eb0 00000010 T hidKeysHeld
00115ec0 00000010 T hidKeysDown
00115ed0 00000160 T irrstInit
00116030 000000cc T irrstExit
001160fc 000000b4 T irrstScanInput
001161b0 00000024 T irrstKeysHeld
001161d4 00000018 T irrstCstickRead
001161ec 00000074 T ptmSysmInit
00116260 0000003c T ptmSysmExit
0011629c 00000034 T PTMSYSM_ConfigureNew3DSCPU
001162d0 000000e0 t buffer_read
001163b0 000000cc t iov_read
0011647c 00000148 t iov_memmove
001165c4 000001dc t decompress_rle
001167a0 0000026c t decompress_lzss
00116a0c 0000042c t decompress_lz11
00116e38 0000036c t decompress_huff
001171a4 00000010 T decompressCallback_Stdio
001171b4 000000e4 T decompressHeader
00117298 00000200 T decompressV
00117498 00000074 T rbtree_find
0011750c 00000010 T rbtree_init
0011751c 0000019c t do_insert
001176b8 00000008 T rbtree_insert
001176c0 00000310 T rbtree_remove
001179d0 00000090 T rbtree_rotate
00117a60 0000013c T decode_utf8
00117b9c 000000e8 T utf16_to_utf8
00117c84 000000c0 T utf8_to_utf16
00117d48 000001e0 W __system_allocateHeaps
00117f28 00000038 W __libctru_init
00117f60 00000160 W __system_initArgv
001180c0 00000030 T __syscall_getreent
001180f0 000000c8 T __syscall_clock_gettime
001181b8 00000064 T __syscall_gettod_r
0011821c 00000004 T __syscall_lock_acquire
00118220 00000004 T __syscall_lock_release
00118224 00000004 T __syscall_lock_acquire_recursive
00118228 00000004 T __syscall_lock_release_recursive
0011822c 00000004 T __syscall_exit
00118230 00000050 T initThreadVars
00118280 00000080 T __system_initSyscalls
00118300 T svcControlMemory
00118320 T svcQueryMemory
00118350 T svcExitProcess
00118358 T svcCreateThread
00118378 T svcExitThread
00118380 T svcSleepThread
00118388 T svcReleaseMutex
00118390 T svcCreateEvent
001183a4 T svcSignalEvent
001183ac T svcClearEvent
001183b4 T svcMapMemoryBlock
001183bc T svcUnmapMemoryBlock
001183c4 T svcCreateAddressArbiter
001183d8 T svcArbitrateAddressNoTimeout
001183e0 T svcCloseHandle
001183e8 T svcWaitSynchronization
001183f0 T svcWaitSynchronizationN
00118418 T svcDuplicateHandle
0011842c T svcGetSystemTick
00118434 T svcConnectToPort
00118448 T svcSendSyncRequest
00118450 T svcGetResourceLimit
00118464 T svcGetResourceLimitLimitValues
0011846c T svcGetResourceLimitCurrentValues
00118474 T svcBreak
0011847c T __aeabi_read_tp
00118488 W initSystem
001184d8 W __ctru_exit
001184ec 00000084 W envGetHandle
00118570 00000050 W envDestroyHandles
001185c0 0000012c T srvInit
001186ec 00000058 T srvExit
00118744 00000060 T srvEnableNotification
001187a4 000000a0 T srvGetServiceHandleDirect
00118844 00000038 T srvGetServiceHandle
0011887c 00000034 T srvSubscribe
001188b0 00000060 T srvReceiveNotification
00118910 00000038 T srvPublishToSubscriber
00118948 0000000c T __sync_init
00118954 00000018 T __sync_fini
0011896c 0000002c T syncArbitrateAddress
00118998 000000b0 T LightLock_Lock
00118a48 00000040 T LightLock_Unlock
00118a88 00000030 T RecursiveLock_Lock
00118ab8 00000054 T RecursiveLock_Unlock
00118b0c 00000040 T LightEvent_Init
00118b4c 000000a4 T LightEvent_Clear
00118bf0 000000c8 T LightEvent_Signal
00118cb8 00000050 T LightEvent_TryWait
00118d08 000000a0 T LightEvent_Wait
00118da8 000001d4 T threadCreate
00118f7c 0000002c T threadFree
00118fa8 00000024 T threadJoin
00118fcc 00000030 T threadGetCurrent
00118ffc 00000040 T threadExit
0011903c 00000020 t _thread_begin
0011905c 00000090 t mappableFindAddressWithin
001190ec 00000028 T mappableInit
00119114 00000080 T mappableAlloc
00119194 00000004 T mappableFree
00119198 0000000c T srvPmGetSessionHandle
001191a4 0000005c T rbtree_node_next
00119200 00000064 T decode_utf16
00119264 00000054 T encode_utf16
001192b8 000000e0 T encode_utf8
00119398 00000030 W __appExit
001193c8 00000030 W __appInit
001193f8 00000090 W __libctru_exit
00119488 00000014 t archive_link
0011949c 00000014 t archive_dirreset
001194b0 00000014 t archive_chmod
001194c4 00000024 t error_cmp
001194e8 00000050 t archive_translate_error
00119538 000000c4 t archive_seek
001195fc 00000078 t _archiveInit.part.0
00119674 000000c4 t archiveFindDevice.part.0
00119738 00000290 t archive_utf16path
001199c8 0000009c t _archiveUnmountDeviceStruct.part.0
00119a64 00000014 t archive_statvfs
00119a78 00000014 t archive_fchmod
00119a8c 00000168 t _archiveMountDevice
00119bf4 000000e8 t archive_diropen
00119cdc 000000a4 t archive_fstat
00119d80 0000006c t archive_fsync
00119dec 0000006c t archive_close
00119e58 00000070 t archive_dirclose
00119ec8 000000e4 t sdmc_statvfs
00119fac 000000ec t archive_chdir
0011a098 0000007c t archive_ftruncate
0011a114 000000ac t archive_read
0011a1c0 000000a4 t archive_unlink
0011a264 000000bc t archive_rmdir
0011a320 000000dc t archive_mkdir
0011a3fc 00000194 t archive_stat
0011a590 0000015c t archive_dirnext
0011a6ec 00000124 t archive_write
0011a810 00000210 t archive_open
0011aa20 00000268 t archive_rename
0011ac88 0000019c T archiveMountSdmc
0011ae24 00000054 T archiveUnmountAll
0011ae78 0000025c T sinf
0011b0d4 00000070 T tanf
0011b144 00000024 t with_errnof
0011b168 0000001c T __math_invalidf
0011b184 000000c0 T ceilf
0011b248 0000021c T cosf
0011b464 000002d0 T __ieee754_rem_pio2f
0011b734 00000208 T __kernel_tanf
0011b93c 00000010 T fabsf
0011b94c 0000088c T __kernel_rem_pio2f
0011c1d8 0000012c T scalbnf
0011c304 000000c0 T floorf
0011c3c4 00000120 T __udivmoddi4
0011c4e4 000000d8 T strncmp
0011c5bc 00000130 T strchr
0011c6ec 0000005c T strlen
0011c748 00000068 T sprintf
0011c7b0 000000d4 T memcmp
0011c884 000001e4 t _strtoul_l.isra.0
0011ca68 00000034 T strtoul
0011ca9c 000000e4 T strncat
0011cb80 00000078 T bsearch
0011cbf8 00000344 T _fread_r
0011cf3c 00000038 T fread
0011cf74 00000020 T calloc
0011cf94 0000096c T qsort
0011d900 00000038 t lflush
0011d938 0000019c T __srefill_r
0011dad4 00000148 T _fclose_r
0011dc1c 000000c0 T _calloc_r
0011dcdc 00000144 T __smakebuf_r
0011de20 0000008c T __swhatbuf_r
0011deac 00000020 T memalign
0011decc 0000001c t stdio_exit_handler
0011dee8 0000005c t cleanup_stdio
0011df44 00000154 t global_stdio_init.part.0
0011e098 00000134 T __sfp
0011e1cc 0000005c T __sinit
0011e228 0000000c T __sfp_lock_acquire
0011e234 0000000c T __sfp_lock_release
0011e240 000007e8 T _malloc_r
0011ea28 000000f8 T _malloc_trim_r
0011eb20 00000300 T _free_r
0011ee20 000005e4 t get_arg
0011f408 0000335c T _svfprintf_r
00122764 00000294 T setvbuf
001229f8 0000004c T strnlen
00122a44 0000000c T __errno
00122a50 00000034 T malloc
00122a84 00000018 T free
00122a9c 00000130 T memcpy
00122bcc 00000034 T printf
00122c00 00000134 T _fopen_r
00122d34 00000020 T fopen
00122d54 0000004c T time
00122da0 000000e0 T _puts_r
00122e80 00000018 T puts
00122e98 000000e8 T memset
00122f80 000004a4 T _realloc_r
00123424 00000070 T _fwalk_sglue
00123494 0000000c T __malloc_lock
001234a0 0000000c T __malloc_unlock
001234ac 0000002c T ftell
001234d8 00000004 W __call_exitprocs
001234dc 00000030 T exit
0012350c 0000001c T _fseek_r
00123528 00000034 T fseek
0012355c 000000c4 T strncpy
00123620 00000028 T _wcsrtombs_r
00123648 000000b4 T __sflags
001236fc 00000084 T __libc_init_array
00123780 00000228 T __sflush_r
001239a8 00000094 T _fflush_r
00123a40 00000088 T frexp
00123ac8 00000160 T memmove
00123c28 00000480 T __sfvwrite_r
001240a8 00000024 T __locale_mb_cur_max
001240cc 000000a4 T __ssprint_r
00124170 00000150 T _memalign_r
001242c0 000000e0 T memchr
001243a0 00000160 T _wcsnrtombs_l
00124500 00000064 T _wcsnrtombs_r
00124564 00000324 T __utf8_mbtowc
00124888 0000003c T __libc_fini_array
001248c4 0000058c T _fseeko_r
00124e50 00000044 T __sread
00124e94 00000068 T __swrite
00124efc 00000040 T __sseek
00124f3c 00000008 T __sclose
00124f44 00000024 T _localeconv_r
00124f68 000005e4 t get_arg
00125550 0000342c T _vfprintf_r
0012897c 000000b8 t __sbprintf
00128a34 000001b4 t quorem
00128be8 00001370 T _dtoa_r
00129f58 000000a0 T _wcrtomb_r
00129ff8 00000128 T __ssputs_r
0012a120 000001b0 T _ftello_r
0012a2d0 000000f0 T __utf8_wctomb
0012a3c0 00000194 T __swsetup_r
0012a554 0000005c T __assert_func
0012a5b0 00000088 T _Balloc
0012a638 0000001c T _Bfree
0012a654 000000f4 T __multadd
0012a748 00000080 T __hi0bits
0012a7c8 000000f4 T __lo0bits
0012a8bc 000000a4 T __i2b
0012a960 00000208 T __multiply
0012ab68 00000130 T __pow5mult
0012ac98 00000138 T __lshift
0012add0 00000058 T __mcmp
0012ae28 000001f0 T __mdiff
0012b018 00000120 T __d2b
0012b138 0000003c T fiprintf
0012b174 00000030 T __sprint_r
0012b1a4 00000014 T abort
0012b1b8 00000090 T _raise_r
0012b248 00000018 T raise
0012b260 000005e4 t get_arg
0012b844 00002264 T _vfiprintf_r
0012daa8 000000b8 t __sbprintf
0012db60 00000020 T _exit
0012db80 0000013c T chdir
0012dcbc 00000034 T clock_gettime
0012dcf0 000001cc T _concatenate_path
0012debc 00000088 T _fstat_r
0012df44 00000014 T _getpid_r
0012df58 0000002c T __getreent
0012df84 00000030 T _gettimeofday_r
0012dfb4 0000008c T __release_handle
0012e040 000000b0 T __alloc_handle
0012e0f0 0000003c T __get_handle
0012e12c 000000f4 T _close_r
0012e220 00000008 t null_write
0012e228 00000018 T setDefaultDevice
0012e240 000000c8 T FindDevice
0012e308 00000028 T RemoveDevice
0012e330 00000098 T AddDevice
0012e3c8 00000020 T GetDeviceOpTab
0012e3e8 00000008 T _isatty_r
0012e3f0 00000014 T _kill_r
0012e404 0000008c T _lseek_r
0012e490 000000bc T _open_r
0012e54c 00000088 T _read_r
0012e5d4 00000078 W _sbrk_r
0012e64c 0000001c T __libc_lock_acquire
0012e668 0000001c T __libc_lock_release
0012e684 0000001c T __libc_lock_acquire_recursive
0012e6a0 0000001c T __libc_lock_release_recursive
0012e6bc 00000088 T _write_r
0012e744 00000048 T strrchr
0012e78c T _fini
0012f034 00000800 r RAND_VECS_2D
0012f834 00000400 r GRADIENTS_3D
0012fc34 00000400 r GRADIENTS_2D
00130034 00001000 r RAND_VECS_3D
00131034 0000000c R vindexes
00131040 00000300 R cube
001313c4 r .LC0
001313cc r .LC2
001313f0 r .LC3
00131404 r .LC4
00131420 r .LC5
00131434 r .LC6
00131454 r .LC7
00131474 r .LC8
00131480 r .LC11
0013148c r .LC12
001314a0 r .LC13
001314b4 r .LC1
001314d4 r .LC1
001314d8 r .LC2
001314f4 r .LC3
00131518 r .LC4
00131534 r .LC5
00131568 r .LC6
00131588 r .LC7
001315a4 r .LC8
001315b0 r .LC9
001315bc r .LC10
001315c8 r .LC11
001315d8 r .LC12
001315e4 r .LC13
00131728 r .LC2
00131808 R render2d_shbin
00131994 R render2d_shbin_end
00131994 R render2d_shbin_size
00131998 00000004 r depthFmtSizes
0013199c 00000005 r colorFmtSizes
001319a4 00000010 r CSWTCH.11
001319b4 00000038 r CSWTCH.19
00131aa4 00000080 r dotab_stdout
00131b24 00000018 r grayScale
00131b3c 00000006 r colorCube
00131b44 00000030 r colorTable
00131b74 00000080 r romFS_devoptab
00131c1c 00000008 r morton_y.2
00131c24 00000008 r morton_x.3
00131c2c 00000008 r s_sleepWakeEvents.4
00131c58 R default_font_bin
00132458 R default_font_bin_end
00132458 00000030 r error_table
00132488 00000080 r archive_devoptab
00132508 00000060 R __inv_pio4
00132568 000000e0 R __sincosf_table
00132648 00000080 r npio2_hw
001326c8 00000318 r two_over_pi
001329e0 0000002c r PIo2
00132a0c 0000000c r init_jk
00132b40 00000010 r zeroes.0
00132b50 00000010 r blanks.1
00132b60 00000101 R _ctype_
00132c64 0000006c R __action_table
00132cd0 0000006c R __state_table
00132d3c 00000100 R __chclass
00132f28 00000010 r zeroes.0
00132f38 00000010 r blanks.1
00132f50 0000000c r p05.0
00132f60 00000028 R __mprec_bigtens
00132f88 000000c8 R __mprec_tens
0013313c 00000010 r zeroes.0
0013314c 00000010 r blanks.1
0013315c 00000080 R dotab_stdnull
001331dc R __tdata_align
001331e0 r __EH_FRAME_BEGIN__
001331e0 R __exidx_end
001331e0 R __exidx_start
00134000 00000008 d framerateCounter
00134008 00000004 d framerate
0013400c 00000001 d firstConsoleInit.0
00134010 00000004 D currentConsole
00134014 00000048 D defaultConsole
0013405c 00000004 d queueLock
00134060 00000004 d aptChainloadDeliverArgSize
00134064 00000004 d kCount
00134068 00000004 d kInterval
0013406c 00000004 d kDelay
00134070 W __stacksize__
00134074 00000004 D _impure_ptr
00134078 00000120 D _impure_data
00134198 0000000c D __sglue
001341a4 00000004 D __malloc_sbrk_base
001341a8 00000004 D __malloc_trim_threshold
001341b0 00000408 D __malloc_av_
001345b8 0000016c D __global_locale
00134724 00000400 d _current_working_directory
00134b28 00001000 d handles
00135b28 0000000c d __stderr_handle
00135b34 0000000c d __stdout_handle
00135b40 0000000c d __stdin_handle
00135b4c 0000008c D devoptab_list
00135bd8 00000004 d defaultDevice
00135bf8 d _GLOBAL_OFFSET_TABLE_
00135c04 d __frame_dummy_init_array_entry
00135c04 D __init_array_start
00135c04 B __preinit_array_end
00135c04 B __preinit_array_start
00135c04 D __tdata_lma
00135c04 D __tdata_lma_end
00135c08 d __do_global_dtors_aux_fini_array_entry
00135c08 D __fini_array_start
00135c08 D __init_array_end
00135c0c D __bss_start__
00135c0c D __fini_array_end
00135c0c 00000004 b g_textBuffer
00135c10 00000004 b chunks
00135c14 00000018 b camera
00135c2c 00000054 b g_fpsText
00135c80 00000004 B GlobalRender
00135c84 b completed.1
00135c88 b object.0
00135ca0 000005a8 B __C2Di_Context
00136248 00000040 b s_projBot
00136288 00000040 b s_projTop
001362c8 00000004 b uLoc_mdlvMtx
001362cc 00000004 b uLoc_projMtx
001362d0 00000004 b s_glyphSheets
001362d4 00000004 b s_textScale
001362d8 0000000c b hookCookie
001362e8 000002d0 B __C3D_Context
001365b8 00000004 b frameEndCbData
001365bc 00000004 b frameEndCb
001365c0 00000008 b frameCounter
001365c8 00000001 b isTopStereo
001365c9 00000001 b needSwapBot
001365ca 00000001 b needSwapTop
001365cb 00000001 b measureGpuTime
001365cc 00000001 b inSafeTransfer
001365cd 00000001 b inFrame
001365d0 00000010 b cpuTime
001365e0 00000010 b gpuTime
001365f0 0000000c b linkedTarget
001365fc 00000004 b lastTarget
00136600 00000004 b firstTarget
00136604 00000008 b C3Di_IVUnifEverDirty
0013660c 000000c0 b C3Di_FVUnifEverDirty
001366cc 00000018 b C3Di_ShaderFVecData
001366e4 00000002 B C3D_BoolUnifsDirty
001366e8 00000008 B C3D_IVUnifDirty
001366f0 000000c0 B C3D_FVUnifDirty
001367b0 00000004 B C3D_BoolUnifs
001367b4 00000020 B C3D_IVUnif
001367d4 00000c00 B C3D_FVUnif
001373d8 00000008 b sLinearPool
001373e0 0000000c b sAddrMap
001373f0 00000008 b sVramPoolB
001373f8 00000008 b sVramPoolA
00137400 0000000c b sAddrMap
0013740c 0000001c b escapeSeq
00137428 00000048 B currentCopy
00137470 00000004 b sharedFontAddr
00137474 00000004 B g_sharedFont
00137478 00000004 b screenAlloc
0013747c 00000004 b screenFree
00137480 00000002 b gfxIsDoubleBuf
00137484 00000002 b gfxCurBuf
00137486 00000001 b gfxIsVram
00137487 00000001 b gfxTopMode
00137488 00000002 b gfxFramebufferFormats
0013748c 00000004 b gfxBottomFramebufferMaxSize
00137490 00000004 b gfxTopFramebufferMaxSize
00137498 00000008 b gfxBottomFramebuffers
001374a0 00000008 b gfxTopFramebuffers
001374a8 00000001 V __ctru_speedup
001374ac 00000004 b romfs_mount_list
001374b0 00000004 V __romfs_path
001374b4 00000004 B gpuCmdBufOffset
001374b8 00000004 B gpuCmdBufSize
001374bc 00000004 B gpuCmdBuf
001374c0 00000004 b boundQueue
001374c4 00000001 b shouldStop
001374c5 00000001 b isRunning
001374c6 00000001 b isActive
001374c8 00000004 b curQueue
001374cc 00000001 b flagValue.0
001374cd 00000001 b flagInit.1
001374d0 00000004 b serviceName.6
001374d4 00000001 b aptChainloadFlags
001374d5 00000001 b aptChainloadMediatype
001374d8 00000020 b aptChainloadHmac
001374f8 00000300 b aptChainloadDeliverArg
001377f8 00000008 b aptChainloadTid
00137800 00001000 b aptParameters
00138800 00000004 b aptFlags
00138804 00000001 b aptHomeButtonState
00138808 00000004 b aptMessageFuncData
0013880c 00000004 b aptMessageFunc
00138810 0000000c b aptFirstHook
0013881c 00000001 b aptEventHandlerThreadQuit
00138820 00000004 b aptEventHandlerThread
00138824 00000008 b aptSleepEvent
0013882c 00000008 b aptReceiveEvent
00138834 00000008 b aptEvents
0013883c 00000004 b aptLockHandle
00138840 00000004 b aptRefCount
00138844 00000004 b cfguRefCount
00138848 00000004 b cfguHandle
00138850 00000080 b fsExemptArchives
001388d0 00000004 b fsuRefCount
001388d4 00000004 b fsuHandle
001388d8 00000007 b gspEventCbOneShot
001388e0 0000001c b gspEventCbData
001388fc 0000001c b gspEventCb
00138918 00000038 b gspEvents
00138950 00000004 b gspLastEvent
00138954 00000001 b gspRunEvents
00138958 00000004 b gspEventThread
0013895c 00000004 b gspEvent
00138960 00000001 b gspGpuRight
00138961 00000001 b gspThreadId
00138964 00000004 b gspSharedMem
00138968 00000004 b gspSharedMemHandle
0013896c 00000004 b gspRefCount
00138970 00000004 b gspGpuHandle
00138974 00000001 b usingIrrst
00138978 00000004 b hidRefCount
0013897c 00000006 b gRate
00138984 00000006 b aVec
0013898c 00000004 b cPos
00138990 00000004 b tPos
00138994 00000004 b kRepeat
00138998 00000004 b kUp
0013899c 00000004 b kDown
001389a0 00000004 b kHeld
001389a4 00000004 b kOld
001389a8 00000004 B hidSharedMem
001389ac 00000014 B hidEvents
001389c0 00000004 B hidMemHandle
001389c4 00000004 B hidHandle
001389c8 00000004 b irrstRefCount
001389cc 00000004 b csPos
001389d0 00000004 b kHeld
001389d4 00000004 B irrstSharedMem
001389d8 00000004 B irrstEvent
001389dc 00000004 B irrstMemHandle
001389e0 00000004 B irrstHandle
001389e4 00000004 b ptmSysmRefCount
001389e8 00000004 b ptmSysmHandle
001389ec 00000004 V __ctru_linear_heap_size
001389f0 00000004 V __ctru_heap_size
001389f4 00000004 B __ctru_linear_heap
001389f8 00000004 B __ctru_heap
001389fc 00000004 B __system_retAddr
00138a00 00000004 B __system_argv
00138a04 00000004 B __system_argc
00138a08 b saved_stack
00138a10 00000004 B __3dslink_host
00138a14 00000004 b srvRefCount
00138a18 00000004 b srvHandle
00138a1c 00000004 b arbiter
00138a20 00000004 b currentAddr
00138a24 00000004 b maxAddr
00138a28 00000004 b minAddr
00138a2c 00000004 b srvPmHandle
00138a30 000005c0 b archive_devices
00138ff0 00000004 b archive_device_cwd
00138ff4 00000001 b archive_initialized
00138ff8 0000000c b __sfp_recursive_mutex
00139008 00000168 B __sf
00139170 00000004 B __stdio_exit_handler
00139174 00000028 B __malloc_current_mallinfo
0013919c 00000004 B __malloc_max_total_mem
001391a0 00000004 B __malloc_max_sbrked_mem
001391a4 00000004 B __malloc_top_pad
001391a8 0000000c b __malloc_recursive_mutex
001391b4 00000400 b temp_cwd
001395b4 00000004 b __hndl_lock
001395b8 00000004 B fake_heap_start
001395bc 00000004 B fake_heap_end
001395c0 00000004 b heap_start.0
001395c4 B __tls_start
0013a1cc B __bss_end__
0013a1cc A __end__
0013a1cc B __tls_end
